<?xml version="1.0" encoding="UTF-8"?>
<!-- Generated by org.testng.reporters.JUnitReportReporter -->
<testsuite hostname="DESKTOP-I777B4I" name="com.clearTrip.generic.EnvSetup" tests="1" failures="0" timestamp="19 Nov 2020 07:20:19 GMT" time="9.199" errors="0">
  <testcase name="initializeWebEnv" time="9.199" classname="com.clearTrip.generic.EnvSetup"/>
</testsuite> <!-- com.clearTrip.generic.EnvSetup -->
