<?xml version="1.0" encoding="UTF-8"?>
<!-- Generated by org.testng.reporters.JUnitReportReporter -->
<testsuite hostname="DESKTOP-I777B4I" name="pkgBookFlight.tripMumbaitoDelhi" tests="1" failures="0" timestamp="11 Nov 2020 19:28:08 GMT" time="6.208" errors="0">
  <testcase name="TCFlights" time="6.208" classname="pkgBookFlight.tripMumbaitoDelhi"/>
</testsuite> <!-- pkgBookFlight.tripMumbaitoDelhi -->
