<?xml version="1.0" encoding="UTF-8"?>
<!-- Generated by org.testng.reporters.JUnitReportReporter -->
<testsuite hostname="DESKTOP-I777B4I" name="BookFlight.tripMumbaitoDelhi" tests="1" failures="0" timestamp="19 Nov 2020 05:24:47 GMT" time="26.405" errors="0">
  <testcase name="TCFlights" time="26.405" classname="BookFlight.tripMumbaitoDelhi"/>
</testsuite> <!-- BookFlight.tripMumbaitoDelhi -->
