<?xml version="1.0" encoding="UTF-8"?>
<!-- Generated by org.testng.reporters.JUnitReportReporter -->
<testsuite hostname="DESKTOP-I777B4I" name="com.clearTrip.PageFactory.FlightBooking_new" tests="1" failures="0" timestamp="20 Nov 2020 14:01:23 GMT" time="16.255" errors="0">
  <testcase name="TCFlights" time="16.255" classname="com.clearTrip.PageFactory.FlightBooking_new"/>
</testsuite> <!-- com.clearTrip.PageFactory.FlightBooking_new -->
