<?xml version="1.0" encoding="UTF-8"?>
<!-- Generated by org.testng.reporters.JUnitReportReporter -->
<testsuite hostname="DESKTOP-I777B4I" name="com.clearTrip.PageFactory.FlightBooking" tests="1" failures="0" timestamp="19 Nov 2020 06:09:41 GMT" time="19.936" errors="0">
  <testcase name="TCFlights" time="19.936" classname="com.clearTrip.PageFactory.FlightBooking"/>
</testsuite> <!-- com.clearTrip.PageFactory.FlightBooking -->
